<?xml version="1.0" encoding="UTF-8"?>
<!-- Generated by org.testng.reporters.JUnitReportReporter -->
<testsuite skipped="0" hostname="VIGNESH" name="org.amazonfunctionalitytest.Amazon_Functionality_Test" tests="4" failures="0" timestamp="09 Sep 2023 17:12:40 GMT" time="121.988" errors="0">
  <testcase name="test_3_SelectProduct" time="0.253" classname="org.amazonfunctionalitytest.Amazon_Functionality_Test"/>
  <testcase name="test_1_LoginPage" time="51.110" classname="org.amazonfunctionalitytest.Amazon_Functionality_Test"/>
  <testcase name="test_4_AddToCart" time="16.954" classname="org.amazonfunctionalitytest.Amazon_Functionality_Test"/>
  <testcase name="test_2_SearchBox" time="53.671" classname="org.amazonfunctionalitytest.Amazon_Functionality_Test"/>
</testsuite> <!-- org.amazonfunctionalitytest.Amazon_Functionality_Test -->
