<?xml version="1.0" encoding="UTF-8"?>
<!-- Generated by org.testng.reporters.JUnitReportReporter -->
<testsuite skipped="0" hostname="VIGNESH" name="org.amazonfunctionalitytest.Login_Page_Test" tests="1" failures="0" timestamp="06 Sep 2023 18:51:34 GMT" time="11.353" errors="0">
  <testcase name="amazonLoginPage" time="11.353" classname="org.amazonfunctionalitytest.Login_Page_Test"/>
</testsuite> <!-- org.amazonfunctionalitytest.Login_Page_Test -->
